[29-Jan-2021 15:55:52] NOTICE: fpm is running, pid 2948
[29-Jan-2021 15:55:52] NOTICE: ready to handle connections
[03-Feb-2021 14:14:30] NOTICE: fpm is running, pid 13226
[03-Feb-2021 14:14:30] NOTICE: ready to handle connections
[03-Feb-2021 14:29:55] NOTICE: Terminating ...
[03-Feb-2021 14:29:55] NOTICE: Terminating ...
[03-Feb-2021 14:29:55] NOTICE: exiting, bye-bye!
[03-Feb-2021 14:30:07] NOTICE: fpm is running, pid 13440
[03-Feb-2021 14:30:07] NOTICE: ready to handle connections
[05-Feb-2021 16:18:20] NOTICE: Terminating ...
[05-Feb-2021 16:18:20] NOTICE: Terminating ...
[05-Feb-2021 16:18:20] NOTICE: exiting, bye-bye!
[05-Feb-2021 16:18:49] NOTICE: fpm is running, pid 32195
[05-Feb-2021 16:18:49] NOTICE: ready to handle connections
[08-Feb-2021 11:04:59] NOTICE: Terminating ...
[08-Feb-2021 11:04:59] NOTICE: Terminating ...
[08-Feb-2021 11:04:59] NOTICE: exiting, bye-bye!
[08-Feb-2021 11:05:21] NOTICE: fpm is running, pid 46582
[08-Feb-2021 11:05:21] NOTICE: ready to handle connections
[08-Feb-2021 17:48:30] NOTICE: Terminating ...
[08-Feb-2021 17:48:30] NOTICE: Terminating ...
[08-Feb-2021 17:48:30] NOTICE: exiting, bye-bye!
[08-Feb-2021 17:48:33] NOTICE: fpm is running, pid 51777
[08-Feb-2021 17:48:33] NOTICE: ready to handle connections
[10-Feb-2021 19:00:00] NOTICE: Terminating ...
[10-Feb-2021 19:00:00] NOTICE: Terminating ...
[10-Feb-2021 19:00:00] NOTICE: exiting, bye-bye!
[12-Feb-2021 09:52:23] NOTICE: fpm is running, pid 11183
[12-Feb-2021 09:52:23] NOTICE: ready to handle connections
[15-Feb-2021 15:02:30] NOTICE: fpm is running, pid 17797
[15-Feb-2021 15:02:30] NOTICE: ready to handle connections
